Determining if the pthread_create exist failed with the following output:
Change Dir: /home/kukiel/Gazebo/iiwa_ws/build/CMakeFiles/CMakeTmp

Run Build Command:"/usr/bin/make" "cmTC_a38de/fast"
/usr/bin/make -f CMakeFiles/cmTC_a38de.dir/build.make CMakeFiles/cmTC_a38de.dir/build
make[1]: Wejście do katalogu '/home/kukiel/Gazebo/iiwa_ws/build/CMakeFiles/CMakeTmp'
Building C object CMakeFiles/cmTC_a38de.dir/CheckSymbolExists.c.o
/usr/bin/cc     -o CMakeFiles/cmTC_a38de.dir/CheckSymbolExists.c.o   -c /home/kukiel/Gazebo/iiwa_ws/build/CMakeFiles/CMakeTmp/CheckSymbolExists.c
Linking C executable cmTC_a38de
/usr/bin/cmake -E cmake_link_script CMakeFiles/cmTC_a38de.dir/link.txt --verbose=1
/usr/bin/cc       CMakeFiles/cmTC_a38de.dir/CheckSymbolExists.c.o  -o cmTC_a38de -rdynamic 
CMakeFiles/cmTC_a38de.dir/CheckSymbolExists.c.o: In function `main':
CheckSymbolExists.c:(.text+0x16): undefined reference to `pthread_create'
collect2: error: ld returned 1 exit status
CMakeFiles/cmTC_a38de.dir/build.make:97: polecenia dla obiektu 'cmTC_a38de' nie powiodły się
make[1]: *** [cmTC_a38de] Błąd 1
make[1]: Opuszczenie katalogu '/home/kukiel/Gazebo/iiwa_ws/build/CMakeFiles/CMakeTmp'
Makefile:126: polecenia dla obiektu 'cmTC_a38de/fast' nie powiodły się
make: *** [cmTC_a38de/fast] Błąd 2

File /home/kukiel/Gazebo/iiwa_ws/build/CMakeFiles/CMakeTmp/CheckSymbolExists.c:
/* */
#include <pthread.h>

int main(int argc, char** argv)
{
  (void)argv;
#ifndef pthread_create
  return ((int*)(&pthread_create))[argc];
#else
  (void)argc;
  return 0;
#endif
}

Determining if the function pthread_create exists in the pthreads failed with the following output:
Change Dir: /home/kukiel/Gazebo/iiwa_ws/build/CMakeFiles/CMakeTmp

Run Build Command:"/usr/bin/make" "cmTC_7b4d0/fast"
/usr/bin/make -f CMakeFiles/cmTC_7b4d0.dir/build.make CMakeFiles/cmTC_7b4d0.dir/build
make[1]: Wejście do katalogu '/home/kukiel/Gazebo/iiwa_ws/build/CMakeFiles/CMakeTmp'
Building C object CMakeFiles/cmTC_7b4d0.dir/CheckFunctionExists.c.o
/usr/bin/cc    -DCHECK_FUNCTION_EXISTS=pthread_create   -o CMakeFiles/cmTC_7b4d0.dir/CheckFunctionExists.c.o   -c /usr/share/cmake-3.5/Modules/CheckFunctionExists.c
Linking C executable cmTC_7b4d0
/usr/bin/cmake -E cmake_link_script CMakeFiles/cmTC_7b4d0.dir/link.txt --verbose=1
/usr/bin/cc   -DCHECK_FUNCTION_EXISTS=pthread_create    CMakeFiles/cmTC_7b4d0.dir/CheckFunctionExists.c.o  -o cmTC_7b4d0 -rdynamic -lpthreads 
/usr/bin/ld: cannot find -lpthreads
collect2: error: ld returned 1 exit status
CMakeFiles/cmTC_7b4d0.dir/build.make:97: polecenia dla obiektu 'cmTC_7b4d0' nie powiodły się
make[1]: *** [cmTC_7b4d0] Błąd 1
make[1]: Opuszczenie katalogu '/home/kukiel/Gazebo/iiwa_ws/build/CMakeFiles/CMakeTmp'
Makefile:126: polecenia dla obiektu 'cmTC_7b4d0/fast' nie powiodły się
make: *** [cmTC_7b4d0/fast] Błąd 2


